<?xml version="1.0" encoding="UTF-8"?>
<testsuite xmlns:xsi="http://www.w3.org/2001/XMLSchema-instance" xsi:noNamespaceSchemaLocation="https://maven.apache.org/surefire/maven-surefire-plugin/xsd/surefire-test-report-3.0.xsd" version="3.0" name="com.mandeer.websc.WebscApplicationTests" time="1.393" tests="1" errors="0" skipped="0" failures="0">
  <properties>
[...]
</properties>
  <testcase name="contextLoads" classname="com.mandeer.websc.WebscApplicationTests" time="0.413">
    <system-out><![CDATA[12:55:15.029 [main] INFO org.springframework.test.context.support.AnnotationConfigContextLoaderUtils -- Could not detect default configuration classes for test class [com.mandeer.websc.WebscApplicationTests]: WebscApplicationTests does not declare any static, non-private, non-final, nested classes annotated with @Configuration.
12:55:15.079 [main] INFO org.springframework.boot.test.context.SpringBootTestContextBootstrapper -- Found @SpringBootConfiguration com.mandeer.websc.WebscApplication for test class com.mandeer.websc.WebscApplicationTests
12:55:15.144 [main] INFO org.springframework.boot.devtools.restart.RestartApplicationListener -- Restart disabled due to context in which it is running

  .   ____          _            __ _ _
 /\\ / ___'_ __ _ _(_)_ __  __ _ \ \ \ \
( ( )\___ | '_ | '_| | '_ \/ _` | \ \ \ \
 \\/  ___)| |_)| | | | | || (_| |  ) ) ) )
  '  |____| .__|_| |_|_| |_\__, | / / / /
 =========|_|==============|___/=/_/_/_/

 :: Spring Boot ::                (v3.3.3)

2024-09-18T12:55:15.249-05:00  INFO 11611 --- [websc] [           main] c.mandeer.websc.WebscApplicationTests    : Starting WebscApplicationTests using Java 17.0.9 with PID 11611 (started by adwaituprety in /Users/adwaituprety/Documents/calculated-bliss/websc)
2024-09-18T12:55:15.250-05:00  INFO 11611 --- [websc] [           main] c.mandeer.websc.WebscApplicationTests    : No active profile set, falling back to 1 default profile: "default"
2024-09-18T12:55:15.923-05:00  INFO 11611 --- [websc] [           main] c.mandeer.websc.WebscApplicationTests    : Started WebscApplicationTests in 0.784 seconds (process running for 1.178)
]]></system-out>
  </testcase>
</testsuite>